Determining size of off64_t failed with the following output:
Change Dir: /Users/jianweixu/Documents/Project/Face/FaceExpressionRecognition/opencv-2.4.5/release/CMakeFiles/CMakeTmp

Run Build Command:/opt/local/bin/gmake "cmTryCompileExec3248049220/fast"
/opt/local/bin/gmake -f CMakeFiles/cmTryCompileExec3248049220.dir/build.make CMakeFiles/cmTryCompileExec3248049220.dir/build
gmake[1]: Entering directory `/Users/jianweixu/Documents/Project/Face/FaceExpressionRecognition/opencv-2.4.5/release/CMakeFiles/CMakeTmp'
/opt/local/bin/cmake -E cmake_progress_report /Users/jianweixu/Documents/Project/Face/FaceExpressionRecognition/opencv-2.4.5/release/CMakeFiles/CMakeTmp/CMakeFiles 1
Building C object CMakeFiles/cmTryCompileExec3248049220.dir/OFF64_T.c.o
/usr/bin/cc   -W -Werror=return-type -Werror=address -Werror=sequence-point -Wformat -Werror=format-security -Wmissing-declarations -Wmissing-prototypes -Wstrict-prototypes -Wundef -Winit-self -Wpointer-arith -Wshadow -Wsign-promo -Wno-narrowing -Wno-delete-non-virtual-dtor -Wno-unnamed-type-template-args -fdiagnostics-show-option -fno-omit-frame-pointer -msse -msse2 -msse3   -O3 -DNDEBUG   -o CMakeFiles/cmTryCompileExec3248049220.dir/OFF64_T.c.o   -c /Users/jianweixu/Documents/Project/Face/FaceExpressionRecognition/opencv-2.4.5/release/CMakeFiles/CheckTypeSize/OFF64_T.c
/Users/jianweixu/Documents/Project/Face/FaceExpressionRecognition/opencv-2.4.5/release/CMakeFiles/CheckTypeSize/OFF64_T.c:19:12: error: use of undeclared identifier 'off64_t'; did you mean 'off_t'?
  ('0' + ((SIZE / 10000)%10)),
           ^
/Users/jianweixu/Documents/Project/Face/FaceExpressionRecognition/opencv-2.4.5/release/CMakeFiles/CheckTypeSize/OFF64_T.c:17:22: note: expanded from macro 'SIZE'
#define SIZE (sizeof(off64_t))
                     ^
/Users/jianweixu/Documents/Project/Face/FaceExpressionRecognition/opencv-2.4.5/release/CMakeFiles/CheckTypeSize/OFF64_T.c:20:12: error: use of undeclared identifier 'off64_t'; did you mean 'off_t'?
  ('0' + ((SIZE / 1000)%10)),
           ^
/Users/jianweixu/Documents/Project/Face/FaceExpressionRecognition/opencv-2.4.5/release/CMakeFiles/CheckTypeSize/OFF64_T.c:17:22: note: expanded from macro 'SIZE'
#define SIZE (sizeof(off64_t))
                     ^
/Users/jianweixu/Documents/Project/Face/FaceExpressionRecognition/opencv-2.4.5/release/CMakeFiles/CheckTypeSize/OFF64_T.c:21:12: error: use of undeclared identifier 'off64_t'; did you mean 'off_t'?
  ('0' + ((SIZE / 100)%10)),
           ^
/Users/jianweixu/Documents/Project/Face/FaceExpressionRecognition/opencv-2.4.5/release/CMakeFiles/CheckTypeSize/OFF64_T.c:17:22: note: expanded from macro 'SIZE'
#define SIZE (sizeof(off64_t))
                     ^
/Users/jianweixu/Documents/Project/Face/FaceExpressionRecognition/opencv-2.4.5/release/CMakeFiles/CheckTypeSize/OFF64_T.c:22:12: error: use of undeclared identifier 'off64_t'; did you mean 'off_t'?
  ('0' + ((SIZE / 10)%10)),
           ^
/Users/jianweixu/Documents/Project/Face/FaceExpressionRecognition/opencv-2.4.5/release/CMakeFiles/CheckTypeSize/OFF64_T.c:17:22: note: expanded from macro 'SIZE'
#define SIZE (sizeof(off64_t))
                     ^
/Users/jianweixu/Documents/Project/Face/FaceExpressionRecognition/opencv-2.4.5/release/CMakeFiles/CheckTypeSize/OFF64_T.c:23:12: error: use of undeclared identifier 'off64_t'; did you mean 'off_t'?
  ('0' +  (SIZE    % 10)),
           ^
/Users/jianweixu/Documents/Project/Face/FaceExpressionRecognition/opencv-2.4.5/release/CMakeFiles/CheckTypeSize/OFF64_T.c:17:22: note: expanded from macro 'SIZE'
#define SIZE (sizeof(off64_t))
                     ^
5 errors generated.
gmake[1]: *** [CMakeFiles/cmTryCompileExec3248049220.dir/OFF64_T.c.o] Error 1
gmake[1]: Leaving directory `/Users/jianweixu/Documents/Project/Face/FaceExpressionRecognition/opencv-2.4.5/release/CMakeFiles/CMakeTmp'
gmake: *** [cmTryCompileExec3248049220/fast] Error 2

/Users/jianweixu/Documents/Project/Face/FaceExpressionRecognition/opencv-2.4.5/release/CMakeFiles/CheckTypeSize/OFF64_T.c:
#include <sys/types.h>
#include <stdint.h>
#include <stddef.h>


#undef KEY
#if defined(__i386)
# define KEY '_','_','i','3','8','6'
#elif defined(__x86_64)
# define KEY '_','_','x','8','6','_','6','4'
#elif defined(__ppc__)
# define KEY '_','_','p','p','c','_','_'
#elif defined(__ppc64__)
# define KEY '_','_','p','p','c','6','4','_','_'
#endif

#define SIZE (sizeof(off64_t))
char info_size[] =  {'I', 'N', 'F', 'O', ':', 's','i','z','e','[',
  ('0' + ((SIZE / 10000)%10)),
  ('0' + ((SIZE / 1000)%10)),
  ('0' + ((SIZE / 100)%10)),
  ('0' + ((SIZE / 10)%10)),
  ('0' +  (SIZE    % 10)),
  ']',
#ifdef KEY
  ' ','k','e','y','[', KEY, ']',
#endif
  '\0'};

#ifdef __CLASSIC_C__
int main(argc, argv) int argc; char *argv[];
#else
int main(int argc, char *argv[])
#endif
{
  int require = 0;
  require += info_size[argc];
  (void)argv;
  return require;
}


Determining if the include file io.h exists failed with the following output:
Change Dir: /Users/jianweixu/Documents/Project/Face/FaceExpressionRecognition/opencv-2.4.5/release/CMakeFiles/CMakeTmp

Run Build Command:/opt/local/bin/gmake "cmTryCompileExec3230014260/fast"
/opt/local/bin/gmake -f CMakeFiles/cmTryCompileExec3230014260.dir/build.make CMakeFiles/cmTryCompileExec3230014260.dir/build
gmake[1]: Entering directory `/Users/jianweixu/Documents/Project/Face/FaceExpressionRecognition/opencv-2.4.5/release/CMakeFiles/CMakeTmp'
/opt/local/bin/cmake -E cmake_progress_report /Users/jianweixu/Documents/Project/Face/FaceExpressionRecognition/opencv-2.4.5/release/CMakeFiles/CMakeTmp/CMakeFiles 1
Building C object CMakeFiles/cmTryCompileExec3230014260.dir/CheckIncludeFile.c.o
/usr/bin/cc   -W -Werror=return-type -Werror=address -Werror=sequence-point -Wformat -Werror=format-security -Wmissing-declarations -Wmissing-prototypes -Wstrict-prototypes -Wundef -Winit-self -Wpointer-arith -Wshadow -Wsign-promo -Wno-narrowing -Wno-delete-non-virtual-dtor -Wno-unnamed-type-template-args -fdiagnostics-show-option -fno-omit-frame-pointer -msse -msse2 -msse3   -O3 -DNDEBUG   -o CMakeFiles/cmTryCompileExec3230014260.dir/CheckIncludeFile.c.o   -c /Users/jianweixu/Documents/Project/Face/FaceExpressionRecognition/opencv-2.4.5/release/CMakeFiles/CMakeTmp/CheckIncludeFile.c
/Users/jianweixu/Documents/Project/Face/FaceExpressionRecognition/opencv-2.4.5/release/CMakeFiles/CMakeTmp/CheckIncludeFile.c:1:10: fatal error: 'io.h' file not found
#include <io.h>
         ^
1 error generated.
gmake[1]: *** [CMakeFiles/cmTryCompileExec3230014260.dir/CheckIncludeFile.c.o] Error 1
gmake[1]: Leaving directory `/Users/jianweixu/Documents/Project/Face/FaceExpressionRecognition/opencv-2.4.5/release/CMakeFiles/CMakeTmp'
gmake: *** [cmTryCompileExec3230014260/fast] Error 2


Determining if the function jbg_newlen exists failed with the following output:
Change Dir: /Users/jianweixu/Documents/Project/Face/FaceExpressionRecognition/opencv-2.4.5/release/CMakeFiles/CMakeTmp

Run Build Command:/opt/local/bin/gmake "cmTryCompileExec4252542104/fast"
/opt/local/bin/gmake -f CMakeFiles/cmTryCompileExec4252542104.dir/build.make CMakeFiles/cmTryCompileExec4252542104.dir/build
gmake[1]: Entering directory `/Users/jianweixu/Documents/Project/Face/FaceExpressionRecognition/opencv-2.4.5/release/CMakeFiles/CMakeTmp'
/opt/local/bin/cmake -E cmake_progress_report /Users/jianweixu/Documents/Project/Face/FaceExpressionRecognition/opencv-2.4.5/release/CMakeFiles/CMakeTmp/CMakeFiles 1
Building C object CMakeFiles/cmTryCompileExec4252542104.dir/CheckFunctionExists.c.o
/usr/bin/cc   -W -Werror=return-type -Werror=address -Werror=sequence-point -Wformat -Werror=format-security -Wmissing-declarations -Wmissing-prototypes -Wstrict-prototypes -Wundef -Winit-self -Wpointer-arith -Wshadow -Wsign-promo -Wno-narrowing -Wno-delete-non-virtual-dtor -Wno-unnamed-type-template-args -fdiagnostics-show-option -fno-omit-frame-pointer -msse -msse2 -msse3  -DCHECK_FUNCTION_EXISTS=jbg_newlen -O3 -DNDEBUG   -o CMakeFiles/cmTryCompileExec4252542104.dir/CheckFunctionExists.c.o   -c /opt/local/share/cmake-2.8/Modules/CheckFunctionExists.c
Linking C executable cmTryCompileExec4252542104
/opt/local/bin/cmake -E cmake_link_script CMakeFiles/cmTryCompileExec4252542104.dir/link.txt --verbose=1
/usr/bin/cc      -W -Werror=return-type -Werror=address -Werror=sequence-point -Wformat -Werror=format-security -Wmissing-declarations -Wmissing-prototypes -Wstrict-prototypes -Wundef -Winit-self -Wpointer-arith -Wshadow -Wsign-promo -Wno-narrowing -Wno-delete-non-virtual-dtor -Wno-unnamed-type-template-args -fdiagnostics-show-option -fno-omit-frame-pointer -msse -msse2 -msse3  -DCHECK_FUNCTION_EXISTS=jbg_newlen -O3 -DNDEBUG -Wl,-search_paths_first -Wl,-headerpad_max_install_names   CMakeFiles/cmTryCompileExec4252542104.dir/CheckFunctionExists.c.o  -o cmTryCompileExec4252542104  
Undefined symbols for architecture x86_64:
  "_jbg_newlen", referenced from:
      _main in CheckFunctionExists.c.o
ld: symbol(s) not found for architecture x86_64
clang: error: linker command failed with exit code 1 (use -v to see invocation)
gmake[1]: *** [cmTryCompileExec4252542104] Error 1
gmake[1]: Leaving directory `/Users/jianweixu/Documents/Project/Face/FaceExpressionRecognition/opencv-2.4.5/release/CMakeFiles/CMakeTmp'
gmake: *** [cmTryCompileExec4252542104/fast] Error 2


Determining if the include file linux/videodev.h exists failed with the following output:
Change Dir: /Users/jianweixu/Documents/Project/Face/FaceExpressionRecognition/opencv-2.4.5/release/CMakeFiles/CMakeTmp

Run Build Command:/opt/local/bin/gmake "cmTryCompileExec2164148919/fast"
/opt/local/bin/gmake -f CMakeFiles/cmTryCompileExec2164148919.dir/build.make CMakeFiles/cmTryCompileExec2164148919.dir/build
gmake[1]: Entering directory `/Users/jianweixu/Documents/Project/Face/FaceExpressionRecognition/opencv-2.4.5/release/CMakeFiles/CMakeTmp'
/opt/local/bin/cmake -E cmake_progress_report /Users/jianweixu/Documents/Project/Face/FaceExpressionRecognition/opencv-2.4.5/release/CMakeFiles/CMakeTmp/CMakeFiles 1
Building C object CMakeFiles/cmTryCompileExec2164148919.dir/CheckIncludeFile.c.o
/usr/bin/cc   -W -Werror=return-type -Werror=address -Werror=sequence-point -Wformat -Werror=format-security -Wmissing-declarations -Wmissing-prototypes -Wstrict-prototypes -Wundef -Winit-self -Wpointer-arith -Wshadow -Wsign-promo -Wno-narrowing -Wno-delete-non-virtual-dtor -Wno-unnamed-type-template-args -fdiagnostics-show-option -fno-omit-frame-pointer -msse -msse2 -msse3   -O3 -DNDEBUG   -o CMakeFiles/cmTryCompileExec2164148919.dir/CheckIncludeFile.c.o   -c /Users/jianweixu/Documents/Project/Face/FaceExpressionRecognition/opencv-2.4.5/release/CMakeFiles/CMakeTmp/CheckIncludeFile.c
/Users/jianweixu/Documents/Project/Face/FaceExpressionRecognition/opencv-2.4.5/release/CMakeFiles/CMakeTmp/CheckIncludeFile.c:1:10: fatal error: 'linux/videodev.h' file not found
#include <linux/videodev.h>
         ^
1 error generated.
gmake[1]: *** [CMakeFiles/cmTryCompileExec2164148919.dir/CheckIncludeFile.c.o] Error 1
gmake[1]: Leaving directory `/Users/jianweixu/Documents/Project/Face/FaceExpressionRecognition/opencv-2.4.5/release/CMakeFiles/CMakeTmp'
gmake: *** [cmTryCompileExec2164148919/fast] Error 2


Determining if the include file linux/videodev2.h exists failed with the following output:
Change Dir: /Users/jianweixu/Documents/Project/Face/FaceExpressionRecognition/opencv-2.4.5/release/CMakeFiles/CMakeTmp

Run Build Command:/opt/local/bin/gmake "cmTryCompileExec142175768/fast"
/opt/local/bin/gmake -f CMakeFiles/cmTryCompileExec142175768.dir/build.make CMakeFiles/cmTryCompileExec142175768.dir/build
gmake[1]: Entering directory `/Users/jianweixu/Documents/Project/Face/FaceExpressionRecognition/opencv-2.4.5/release/CMakeFiles/CMakeTmp'
/opt/local/bin/cmake -E cmake_progress_report /Users/jianweixu/Documents/Project/Face/FaceExpressionRecognition/opencv-2.4.5/release/CMakeFiles/CMakeTmp/CMakeFiles 1
Building C object CMakeFiles/cmTryCompileExec142175768.dir/CheckIncludeFile.c.o
/usr/bin/cc   -W -Werror=return-type -Werror=address -Werror=sequence-point -Wformat -Werror=format-security -Wmissing-declarations -Wmissing-prototypes -Wstrict-prototypes -Wundef -Winit-self -Wpointer-arith -Wshadow -Wsign-promo -Wno-narrowing -Wno-delete-non-virtual-dtor -Wno-unnamed-type-template-args -fdiagnostics-show-option -fno-omit-frame-pointer -msse -msse2 -msse3   -O3 -DNDEBUG   -o CMakeFiles/cmTryCompileExec142175768.dir/CheckIncludeFile.c.o   -c /Users/jianweixu/Documents/Project/Face/FaceExpressionRecognition/opencv-2.4.5/release/CMakeFiles/CMakeTmp/CheckIncludeFile.c
/Users/jianweixu/Documents/Project/Face/FaceExpressionRecognition/opencv-2.4.5/release/CMakeFiles/CMakeTmp/CheckIncludeFile.c:1:10: fatal error: 'linux/videodev2.h' file not found
#include <linux/videodev2.h>
         ^
1 error generated.
gmake[1]: *** [CMakeFiles/cmTryCompileExec142175768.dir/CheckIncludeFile.c.o] Error 1
gmake[1]: Leaving directory `/Users/jianweixu/Documents/Project/Face/FaceExpressionRecognition/opencv-2.4.5/release/CMakeFiles/CMakeTmp'
gmake: *** [cmTryCompileExec142175768/fast] Error 2


Determining if the include file sys/videoio.h exists failed with the following output:
Change Dir: /Users/jianweixu/Documents/Project/Face/FaceExpressionRecognition/opencv-2.4.5/release/CMakeFiles/CMakeTmp

Run Build Command:/opt/local/bin/gmake "cmTryCompileExec925214717/fast"
/opt/local/bin/gmake -f CMakeFiles/cmTryCompileExec925214717.dir/build.make CMakeFiles/cmTryCompileExec925214717.dir/build
gmake[1]: Entering directory `/Users/jianweixu/Documents/Project/Face/FaceExpressionRecognition/opencv-2.4.5/release/CMakeFiles/CMakeTmp'
/opt/local/bin/cmake -E cmake_progress_report /Users/jianweixu/Documents/Project/Face/FaceExpressionRecognition/opencv-2.4.5/release/CMakeFiles/CMakeTmp/CMakeFiles 1
Building C object CMakeFiles/cmTryCompileExec925214717.dir/CheckIncludeFile.c.o
/usr/bin/cc   -W -Werror=return-type -Werror=address -Werror=sequence-point -Wformat -Werror=format-security -Wmissing-declarations -Wmissing-prototypes -Wstrict-prototypes -Wundef -Winit-self -Wpointer-arith -Wshadow -Wsign-promo -Wno-narrowing -Wno-delete-non-virtual-dtor -Wno-unnamed-type-template-args -fdiagnostics-show-option -fno-omit-frame-pointer -msse -msse2 -msse3   -O3 -DNDEBUG   -o CMakeFiles/cmTryCompileExec925214717.dir/CheckIncludeFile.c.o   -c /Users/jianweixu/Documents/Project/Face/FaceExpressionRecognition/opencv-2.4.5/release/CMakeFiles/CMakeTmp/CheckIncludeFile.c
/Users/jianweixu/Documents/Project/Face/FaceExpressionRecognition/opencv-2.4.5/release/CMakeFiles/CMakeTmp/CheckIncludeFile.c:1:10: fatal error: 'sys/videoio.h' file not found
#include <sys/videoio.h>
         ^
1 error generated.
gmake[1]: *** [CMakeFiles/cmTryCompileExec925214717.dir/CheckIncludeFile.c.o] Error 1
gmake[1]: Leaving directory `/Users/jianweixu/Documents/Project/Face/FaceExpressionRecognition/opencv-2.4.5/release/CMakeFiles/CMakeTmp'
gmake: *** [cmTryCompileExec925214717/fast] Error 2


Determining if the include file libavformat/avformat.h exists failed with the following output:
Change Dir: /Users/jianweixu/Documents/Project/Face/FaceExpressionRecognition/opencv-2.4.5/release/CMakeFiles/CMakeTmp

Run Build Command:/opt/local/bin/gmake "cmTryCompileExec2283423250/fast"
/opt/local/bin/gmake -f CMakeFiles/cmTryCompileExec2283423250.dir/build.make CMakeFiles/cmTryCompileExec2283423250.dir/build
gmake[1]: Entering directory `/Users/jianweixu/Documents/Project/Face/FaceExpressionRecognition/opencv-2.4.5/release/CMakeFiles/CMakeTmp'
/opt/local/bin/cmake -E cmake_progress_report /Users/jianweixu/Documents/Project/Face/FaceExpressionRecognition/opencv-2.4.5/release/CMakeFiles/CMakeTmp/CMakeFiles 1
Building C object CMakeFiles/cmTryCompileExec2283423250.dir/CheckIncludeFile.c.o
/usr/bin/cc   -W -Werror=return-type -Werror=address -Werror=sequence-point -Wformat -Werror=format-security -Wmissing-declarations -Wmissing-prototypes -Wstrict-prototypes -Wundef -Winit-self -Wpointer-arith -Wshadow -Wsign-promo -Wno-narrowing -Wno-delete-non-virtual-dtor -Wno-unnamed-type-template-args -fdiagnostics-show-option -fno-omit-frame-pointer -msse -msse2 -msse3   -O3 -DNDEBUG   -o CMakeFiles/cmTryCompileExec2283423250.dir/CheckIncludeFile.c.o   -c /Users/jianweixu/Documents/Project/Face/FaceExpressionRecognition/opencv-2.4.5/release/CMakeFiles/CMakeTmp/CheckIncludeFile.c
/Users/jianweixu/Documents/Project/Face/FaceExpressionRecognition/opencv-2.4.5/release/CMakeFiles/CMakeTmp/CheckIncludeFile.c:1:10: fatal error: 'libavformat/avformat.h' file not found
#include <libavformat/avformat.h>
         ^
1 error generated.
gmake[1]: *** [CMakeFiles/cmTryCompileExec2283423250.dir/CheckIncludeFile.c.o] Error 1
gmake[1]: Leaving directory `/Users/jianweixu/Documents/Project/Face/FaceExpressionRecognition/opencv-2.4.5/release/CMakeFiles/CMakeTmp'
gmake: *** [cmTryCompileExec2283423250/fast] Error 2


Determining if the include file ffmpeg/avformat.h exists failed with the following output:
Change Dir: /Users/jianweixu/Documents/Project/Face/FaceExpressionRecognition/opencv-2.4.5/release/CMakeFiles/CMakeTmp

Run Build Command:/opt/local/bin/gmake "cmTryCompileExec3193735658/fast"
/opt/local/bin/gmake -f CMakeFiles/cmTryCompileExec3193735658.dir/build.make CMakeFiles/cmTryCompileExec3193735658.dir/build
gmake[1]: Entering directory `/Users/jianweixu/Documents/Project/Face/FaceExpressionRecognition/opencv-2.4.5/release/CMakeFiles/CMakeTmp'
/opt/local/bin/cmake -E cmake_progress_report /Users/jianweixu/Documents/Project/Face/FaceExpressionRecognition/opencv-2.4.5/release/CMakeFiles/CMakeTmp/CMakeFiles 1
Building C object CMakeFiles/cmTryCompileExec3193735658.dir/CheckIncludeFile.c.o
/usr/bin/cc   -W -Werror=return-type -Werror=address -Werror=sequence-point -Wformat -Werror=format-security -Wmissing-declarations -Wmissing-prototypes -Wstrict-prototypes -Wundef -Winit-self -Wpointer-arith -Wshadow -Wsign-promo -Wno-narrowing -Wno-delete-non-virtual-dtor -Wno-unnamed-type-template-args -fdiagnostics-show-option -fno-omit-frame-pointer -msse -msse2 -msse3   -O3 -DNDEBUG   -o CMakeFiles/cmTryCompileExec3193735658.dir/CheckIncludeFile.c.o   -c /Users/jianweixu/Documents/Project/Face/FaceExpressionRecognition/opencv-2.4.5/release/CMakeFiles/CMakeTmp/CheckIncludeFile.c
/Users/jianweixu/Documents/Project/Face/FaceExpressionRecognition/opencv-2.4.5/release/CMakeFiles/CMakeTmp/CheckIncludeFile.c:1:10: fatal error: 'ffmpeg/avformat.h' file not found
#include <ffmpeg/avformat.h>
         ^
1 error generated.
gmake[1]: *** [CMakeFiles/cmTryCompileExec3193735658.dir/CheckIncludeFile.c.o] Error 1
gmake[1]: Leaving directory `/Users/jianweixu/Documents/Project/Face/FaceExpressionRecognition/opencv-2.4.5/release/CMakeFiles/CMakeTmp'
gmake: *** [cmTryCompileExec3193735658/fast] Error 2


